<?xml version="1.0" encoding="UTF-8"?>
<!-- Generated by org.testng.reporters.JUnitReportReporter -->
<testsuite hostname="LAPTOP-4MC0EVH3" failures="0" tests="1" name="testCases.TC_001_AccountRegistration" time="27.973" errors="0" timestamp="2022-11-08T10:42:25 IST" skipped="0">
  <testcase classname="testCases.TC_001_AccountRegistration" name="test_accout_Registration" time="27.973"/>
  <system-out/>
</testsuite> <!-- testCases.TC_001_AccountRegistration -->
